[1.848s] Invoking command in '/home/lory/TEST_4_TEKBOT/ros2_ws/src/demo_tri_pkg': PYTHONPATH=/home/lory/TEST_4_TEKBOT/build/demo_tri_pkg/prefix_override:/usr/lib/python3/dist-packages/colcon_core/task/python/colcon_distutils_commands:/home/lory/TEST_4_TEKBOT/install/demo_tri_pkg/lib/python3.10/site-packages:${PYTHONPATH} /usr/bin/python3 -W ignore:setup.py install is deprecated -W ignore:easy_install command is deprecated setup.py egg_info --egg-base ../../../build/demo_tri_pkg build --build-base /home/lory/TEST_4_TEKBOT/build/demo_tri_pkg/build install --record /home/lory/TEST_4_TEKBOT/build/demo_tri_pkg/install.log --single-version-externally-managed install_data
[2.057s] running egg_info
[2.058s] creating ../../../build/demo_tri_pkg/demo_tri_pkg.egg-info
[2.059s] writing ../../../build/demo_tri_pkg/demo_tri_pkg.egg-info/PKG-INFO
[2.060s] writing dependency_links to ../../../build/demo_tri_pkg/demo_tri_pkg.egg-info/dependency_links.txt
[2.061s] writing entry points to ../../../build/demo_tri_pkg/demo_tri_pkg.egg-info/entry_points.txt
[2.061s] writing requirements to ../../../build/demo_tri_pkg/demo_tri_pkg.egg-info/requires.txt
[2.062s] writing top-level names to ../../../build/demo_tri_pkg/demo_tri_pkg.egg-info/top_level.txt
[2.063s] writing manifest file '../../../build/demo_tri_pkg/demo_tri_pkg.egg-info/SOURCES.txt'
[2.067s] reading manifest file '../../../build/demo_tri_pkg/demo_tri_pkg.egg-info/SOURCES.txt'
[2.068s] writing manifest file '../../../build/demo_tri_pkg/demo_tri_pkg.egg-info/SOURCES.txt'
[2.068s] running build
[2.068s] running build_py
[2.068s] creating /home/lory/TEST_4_TEKBOT/build/demo_tri_pkg/build
[2.068s] creating /home/lory/TEST_4_TEKBOT/build/demo_tri_pkg/build/lib
[2.068s] creating /home/lory/TEST_4_TEKBOT/build/demo_tri_pkg/build/lib/demo_tri_pkg
[2.068s] copying demo_tri_pkg/__init__.py -> /home/lory/TEST_4_TEKBOT/build/demo_tri_pkg/build/lib/demo_tri_pkg
[2.068s] copying demo_tri_pkg/demo_tri.py -> /home/lory/TEST_4_TEKBOT/build/demo_tri_pkg/build/lib/demo_tri_pkg
[2.069s] running install
[2.069s] running install_lib
[2.069s] creating /home/lory/TEST_4_TEKBOT/install/demo_tri_pkg/lib/python3.10/site-packages/demo_tri_pkg
[2.069s] copying /home/lory/TEST_4_TEKBOT/build/demo_tri_pkg/build/lib/demo_tri_pkg/__init__.py -> /home/lory/TEST_4_TEKBOT/install/demo_tri_pkg/lib/python3.10/site-packages/demo_tri_pkg
[2.069s] copying /home/lory/TEST_4_TEKBOT/build/demo_tri_pkg/build/lib/demo_tri_pkg/demo_tri.py -> /home/lory/TEST_4_TEKBOT/install/demo_tri_pkg/lib/python3.10/site-packages/demo_tri_pkg
[2.069s] byte-compiling /home/lory/TEST_4_TEKBOT/install/demo_tri_pkg/lib/python3.10/site-packages/demo_tri_pkg/__init__.py to __init__.cpython-310.pyc
[2.069s] byte-compiling /home/lory/TEST_4_TEKBOT/install/demo_tri_pkg/lib/python3.10/site-packages/demo_tri_pkg/demo_tri.py to demo_tri.cpython-310.pyc
[2.070s] running install_data
[2.070s] creating /home/lory/TEST_4_TEKBOT/install/demo_tri_pkg/share/ament_index
[2.070s] creating /home/lory/TEST_4_TEKBOT/install/demo_tri_pkg/share/ament_index/resource_index
[2.070s] creating /home/lory/TEST_4_TEKBOT/install/demo_tri_pkg/share/ament_index/resource_index/packages
[2.070s] copying resource/demo_tri_pkg -> /home/lory/TEST_4_TEKBOT/install/demo_tri_pkg/share/ament_index/resource_index/packages
[2.070s] copying package.xml -> /home/lory/TEST_4_TEKBOT/install/demo_tri_pkg/share/demo_tri_pkg
[2.070s] running install_egg_info
[2.071s] Copying ../../../build/demo_tri_pkg/demo_tri_pkg.egg-info to /home/lory/TEST_4_TEKBOT/install/demo_tri_pkg/lib/python3.10/site-packages/demo_tri_pkg-0.0.1-py3.10.egg-info
[2.071s] running install_scripts
[2.085s] Installing demo_tri script to /home/lory/TEST_4_TEKBOT/install/demo_tri_pkg/lib/demo_tri_pkg
[2.085s] writing list of installed files to '/home/lory/TEST_4_TEKBOT/build/demo_tri_pkg/install.log'
[2.101s] Invoked command in '/home/lory/TEST_4_TEKBOT/ros2_ws/src/demo_tri_pkg' returned '0': PYTHONPATH=/home/lory/TEST_4_TEKBOT/build/demo_tri_pkg/prefix_override:/usr/lib/python3/dist-packages/colcon_core/task/python/colcon_distutils_commands:/home/lory/TEST_4_TEKBOT/install/demo_tri_pkg/lib/python3.10/site-packages:${PYTHONPATH} /usr/bin/python3 -W ignore:setup.py install is deprecated -W ignore:easy_install command is deprecated setup.py egg_info --egg-base ../../../build/demo_tri_pkg build --build-base /home/lory/TEST_4_TEKBOT/build/demo_tri_pkg/build install --record /home/lory/TEST_4_TEKBOT/build/demo_tri_pkg/install.log --single-version-externally-managed install_data
