running egg_info
creating ../../build/demo_tri_pkg/demo_tri_pkg.egg-info
writing ../../build/demo_tri_pkg/demo_tri_pkg.egg-info/PKG-INFO
writing dependency_links to ../../build/demo_tri_pkg/demo_tri_pkg.egg-info/dependency_links.txt
writing entry points to ../../build/demo_tri_pkg/demo_tri_pkg.egg-info/entry_points.txt
writing requirements to ../../build/demo_tri_pkg/demo_tri_pkg.egg-info/requires.txt
writing top-level names to ../../build/demo_tri_pkg/demo_tri_pkg.egg-info/top_level.txt
writing manifest file '../../build/demo_tri_pkg/demo_tri_pkg.egg-info/SOURCES.txt'
reading manifest file '../../build/demo_tri_pkg/demo_tri_pkg.egg-info/SOURCES.txt'
writing manifest file '../../build/demo_tri_pkg/demo_tri_pkg.egg-info/SOURCES.txt'
running build
running build_py
creating /home/lory/TEST_4_TEKBOT/ros2_ws/build/demo_tri_pkg/build
creating /home/lory/TEST_4_TEKBOT/ros2_ws/build/demo_tri_pkg/build/lib
creating /home/lory/TEST_4_TEKBOT/ros2_ws/build/demo_tri_pkg/build/lib/demo_tri_pkg
copying demo_tri_pkg/__init__.py -> /home/lory/TEST_4_TEKBOT/ros2_ws/build/demo_tri_pkg/build/lib/demo_tri_pkg
copying demo_tri_pkg/demo_tri.py -> /home/lory/TEST_4_TEKBOT/ros2_ws/build/demo_tri_pkg/build/lib/demo_tri_pkg
running install
running install_lib
creating /home/lory/TEST_4_TEKBOT/ros2_ws/install/demo_tri_pkg/lib/python3.10/site-packages/demo_tri_pkg
copying /home/lory/TEST_4_TEKBOT/ros2_ws/build/demo_tri_pkg/build/lib/demo_tri_pkg/__init__.py -> /home/lory/TEST_4_TEKBOT/ros2_ws/install/demo_tri_pkg/lib/python3.10/site-packages/demo_tri_pkg
copying /home/lory/TEST_4_TEKBOT/ros2_ws/build/demo_tri_pkg/build/lib/demo_tri_pkg/demo_tri.py -> /home/lory/TEST_4_TEKBOT/ros2_ws/install/demo_tri_pkg/lib/python3.10/site-packages/demo_tri_pkg
byte-compiling /home/lory/TEST_4_TEKBOT/ros2_ws/install/demo_tri_pkg/lib/python3.10/site-packages/demo_tri_pkg/__init__.py to __init__.cpython-310.pyc
byte-compiling /home/lory/TEST_4_TEKBOT/ros2_ws/install/demo_tri_pkg/lib/python3.10/site-packages/demo_tri_pkg/demo_tri.py to demo_tri.cpython-310.pyc
running install_data
creating /home/lory/TEST_4_TEKBOT/ros2_ws/install/demo_tri_pkg/share/ament_index
creating /home/lory/TEST_4_TEKBOT/ros2_ws/install/demo_tri_pkg/share/ament_index/resource_index
creating /home/lory/TEST_4_TEKBOT/ros2_ws/install/demo_tri_pkg/share/ament_index/resource_index/packages
copying resource/demo_tri_pkg -> /home/lory/TEST_4_TEKBOT/ros2_ws/install/demo_tri_pkg/share/ament_index/resource_index/packages
copying package.xml -> /home/lory/TEST_4_TEKBOT/ros2_ws/install/demo_tri_pkg/share/demo_tri_pkg
running install_egg_info
Copying ../../build/demo_tri_pkg/demo_tri_pkg.egg-info to /home/lory/TEST_4_TEKBOT/ros2_ws/install/demo_tri_pkg/lib/python3.10/site-packages/demo_tri_pkg-0.0.1-py3.10.egg-info
running install_scripts
Installing demo_tri script to /home/lory/TEST_4_TEKBOT/ros2_ws/install/demo_tri_pkg/lib/demo_tri_pkg
writing list of installed files to '/home/lory/TEST_4_TEKBOT/ros2_ws/build/demo_tri_pkg/install.log'
