[0.345s] Invoking command in '/home/lory/TEST_4_TEKBOT/ros2_ws/src/demo_tri_pkg': PYTHONPATH=/home/lory/TEST_4_TEKBOT/ros2_ws/build/demo_tri_pkg/prefix_override:/usr/lib/python3/dist-packages/colcon_core/task/python/colcon_distutils_commands:/home/lory/TEST_4_TEKBOT/ros2_ws/install/demo_tri_pkg/lib/python3.10/site-packages:${PYTHONPATH} /usr/bin/python3 -W ignore:setup.py install is deprecated -W ignore:easy_install command is deprecated setup.py egg_info --egg-base ../../build/demo_tri_pkg build --build-base /home/lory/TEST_4_TEKBOT/ros2_ws/build/demo_tri_pkg/build install --record /home/lory/TEST_4_TEKBOT/ros2_ws/build/demo_tri_pkg/install.log --single-version-externally-managed install_data
[0.469s] running egg_info
[0.469s] creating ../../build/demo_tri_pkg/demo_tri_pkg.egg-info
[0.469s] writing ../../build/demo_tri_pkg/demo_tri_pkg.egg-info/PKG-INFO
[0.469s] writing dependency_links to ../../build/demo_tri_pkg/demo_tri_pkg.egg-info/dependency_links.txt
[0.469s] writing entry points to ../../build/demo_tri_pkg/demo_tri_pkg.egg-info/entry_points.txt
[0.469s] writing requirements to ../../build/demo_tri_pkg/demo_tri_pkg.egg-info/requires.txt
[0.469s] writing top-level names to ../../build/demo_tri_pkg/demo_tri_pkg.egg-info/top_level.txt
[0.469s] writing manifest file '../../build/demo_tri_pkg/demo_tri_pkg.egg-info/SOURCES.txt'
[0.470s] reading manifest file '../../build/demo_tri_pkg/demo_tri_pkg.egg-info/SOURCES.txt'
[0.471s] writing manifest file '../../build/demo_tri_pkg/demo_tri_pkg.egg-info/SOURCES.txt'
[0.471s] running build
[0.471s] running build_py
[0.471s] creating /home/lory/TEST_4_TEKBOT/ros2_ws/build/demo_tri_pkg/build
[0.471s] creating /home/lory/TEST_4_TEKBOT/ros2_ws/build/demo_tri_pkg/build/lib
[0.471s] creating /home/lory/TEST_4_TEKBOT/ros2_ws/build/demo_tri_pkg/build/lib/demo_tri_pkg
[0.471s] copying demo_tri_pkg/__init__.py -> /home/lory/TEST_4_TEKBOT/ros2_ws/build/demo_tri_pkg/build/lib/demo_tri_pkg
[0.471s] copying demo_tri_pkg/demo_tri.py -> /home/lory/TEST_4_TEKBOT/ros2_ws/build/demo_tri_pkg/build/lib/demo_tri_pkg
[0.471s] running install
[0.471s] running install_lib
[0.471s] creating /home/lory/TEST_4_TEKBOT/ros2_ws/install/demo_tri_pkg/lib/python3.10/site-packages/demo_tri_pkg
[0.471s] copying /home/lory/TEST_4_TEKBOT/ros2_ws/build/demo_tri_pkg/build/lib/demo_tri_pkg/__init__.py -> /home/lory/TEST_4_TEKBOT/ros2_ws/install/demo_tri_pkg/lib/python3.10/site-packages/demo_tri_pkg
[0.471s] copying /home/lory/TEST_4_TEKBOT/ros2_ws/build/demo_tri_pkg/build/lib/demo_tri_pkg/demo_tri.py -> /home/lory/TEST_4_TEKBOT/ros2_ws/install/demo_tri_pkg/lib/python3.10/site-packages/demo_tri_pkg
[0.472s] byte-compiling /home/lory/TEST_4_TEKBOT/ros2_ws/install/demo_tri_pkg/lib/python3.10/site-packages/demo_tri_pkg/__init__.py to __init__.cpython-310.pyc
[0.472s] byte-compiling /home/lory/TEST_4_TEKBOT/ros2_ws/install/demo_tri_pkg/lib/python3.10/site-packages/demo_tri_pkg/demo_tri.py to demo_tri.cpython-310.pyc
[0.472s] running install_data
[0.472s] creating /home/lory/TEST_4_TEKBOT/ros2_ws/install/demo_tri_pkg/share/ament_index
[0.472s] creating /home/lory/TEST_4_TEKBOT/ros2_ws/install/demo_tri_pkg/share/ament_index/resource_index
[0.472s] creating /home/lory/TEST_4_TEKBOT/ros2_ws/install/demo_tri_pkg/share/ament_index/resource_index/packages
[0.472s] copying resource/demo_tri_pkg -> /home/lory/TEST_4_TEKBOT/ros2_ws/install/demo_tri_pkg/share/ament_index/resource_index/packages
[0.472s] copying package.xml -> /home/lory/TEST_4_TEKBOT/ros2_ws/install/demo_tri_pkg/share/demo_tri_pkg
[0.472s] running install_egg_info
[0.473s] Copying ../../build/demo_tri_pkg/demo_tri_pkg.egg-info to /home/lory/TEST_4_TEKBOT/ros2_ws/install/demo_tri_pkg/lib/python3.10/site-packages/demo_tri_pkg-0.0.1-py3.10.egg-info
[0.473s] running install_scripts
[0.484s] Installing demo_tri script to /home/lory/TEST_4_TEKBOT/ros2_ws/install/demo_tri_pkg/lib/demo_tri_pkg
[0.484s] writing list of installed files to '/home/lory/TEST_4_TEKBOT/ros2_ws/build/demo_tri_pkg/install.log'
[0.497s] Invoked command in '/home/lory/TEST_4_TEKBOT/ros2_ws/src/demo_tri_pkg' returned '0': PYTHONPATH=/home/lory/TEST_4_TEKBOT/ros2_ws/build/demo_tri_pkg/prefix_override:/usr/lib/python3/dist-packages/colcon_core/task/python/colcon_distutils_commands:/home/lory/TEST_4_TEKBOT/ros2_ws/install/demo_tri_pkg/lib/python3.10/site-packages:${PYTHONPATH} /usr/bin/python3 -W ignore:setup.py install is deprecated -W ignore:easy_install command is deprecated setup.py egg_info --egg-base ../../build/demo_tri_pkg build --build-base /home/lory/TEST_4_TEKBOT/ros2_ws/build/demo_tri_pkg/build install --record /home/lory/TEST_4_TEKBOT/ros2_ws/build/demo_tri_pkg/install.log --single-version-externally-managed install_data
